21:30:17.224 INFO  AUTOMATION - before each...
21:30:17.294 DEBUG AUTOMATION - Getting the monsters list from Excel
21:30:19.532 DEBUG org.apache.poi.openxml4j.opc.PackageRelationshipCollection - Parsing relationship: /xl/_rels/workbook.xml.rels
21:30:20.657 DEBUG org.apache.poi.openxml4j.opc.PackageRelationshipCollection - Parsing relationship: /_rels/.rels
21:30:23.280 DEBUG org.apache.poi.openxml4j.opc.OPCPackage - The close() method is intended to SAVE a package. This package is open in READ ONLY mode, use the revert() method instead!
21:30:23.296 INFO  AUTOMATION - Verifying that the first element has the name TOLOSA
21:30:23.343 INFO  AUTOMATION - after each...
21:30:23.368 INFO  AUTOMATION - test successful...


21:30:24.509 INFO  AUTOMATION - before each...
21:30:24.510 DEBUG AUTOMATION - Getting the monsters list from Excel
21:30:24.577 DEBUG org.apache.poi.openxml4j.opc.PackageRelationshipCollection - Parsing relationship: /xl/_rels/workbook.xml.rels
21:30:24.602 DEBUG org.apache.poi.openxml4j.opc.PackageRelationshipCollection - Parsing relationship: /_rels/.rels
21:30:25.033 DEBUG org.apache.poi.openxml4j.opc.OPCPackage - The close() method is intended to SAVE a package. This package is open in READ ONLY mode, use the revert() method instead!
21:30:25.035 INFO  AUTOMATION - Verifying the last monster of the list...
21:30:25.080 INFO  AUTOMATION - after each...
21:30:25.085 INFO  AUTOMATION - test successful...


21:30:25.385 INFO  AUTOMATION - before each...
21:30:25.393 DEBUG AUTOMATION - Reading the user
21:30:28.151 INFO  AUTOMATION - Verifying that the longitude is 71.7478...
21:30:28.154 INFO  AUTOMATION - after each...
21:30:28.155 INFO  AUTOMATION - test successful...


21:30:28.193 INFO  AUTOMATION - before each...
21:30:28.194 DEBUG AUTOMATION - Reading the user
21:30:28.209 INFO  AUTOMATION - Verifying the user information...
21:30:28.213 INFO  AUTOMATION - after each...
21:30:28.214 INFO  AUTOMATION - test successful...


